[dotenv@17.2.3] injecting env (54) from .env.local -- tip: 🔐 prevent committing .env to code: https://dotenvx.com/precommit
[dotenv@17.2.3] injecting env (0) from .env -- tip: 🔑 add access controls to secrets: https://dotenvx.com/ops
Glamping service tier classifier (dry-run)

Loaded 2599 site rows (published + in_progress, is_glamping_property = Yes)

  Camp Wandawega: (null) → luxury [ADR $800 ≥ $800 (luxury fast-path)] (10 rows)
  Eureka Springs Treehouses: midscale → upscale [amenity score 5, ADR $399] (24 rows)
  In The Trees : rustic → midscale [amenity score -2, ADR $327.5] (1 rows)
  Branson Treehouse Adventures: rustic → midscale [amenity score -2, ADR $285.38] (1 rows)
  Collective Retreats Vail: midscale → upscale [amenity score 4, ADR $500] (3 rows)
  The Yurt Village at Frost Mountain: rustic → midscale [amenity score -2, ADR $148.5] (1 rows)
  Flying Flags RV Resort & Campground: (null) → midscale [amenity score 3, ADR $200] (1 rows)
  Silver Bullet Retreats: rustic → midscale [amenity score -2, ADR $132.63] (1 rows)
  Firefall Ranch: midscale → upscale [amenity score 5, ADR $542] (7 rows)
  Wildhaven Yosemite: midscale → midscale [amenity score -2, ADR $251.25] (7 rows)
  Del Rio Ranch: midscale → midscale [amenity score 2, ADR $227.5] (3 rows)
  Wildhaven Sonoma: midscale → midscale [amenity score -2, ADR $178.13] (4 rows)
  Norwegian Wood Ranch: (null) → midscale [amenity score -2, ADR $140] (1 rows)
  Shash Dine' EcoRetreat: midscale → upscale [amenity score 4, ADR $420] (10 rows)
  American Safari Camp: (null) → midscale [amenity score -2, ADR $250] (1 rows)
  The Inn & Spa at Cedar Falls: midscale → upscale [amenity score 4, ADR $388.5] (5 rows)
  Lucky Arrow Retreat: midscale → upscale [amenity score 4, ADR $362.33] (4 rows)
  The Yurtopian: midscale → upscale [amenity score 4, ADR $250] (1 rows)
  Lakedale: upscale → luxury [amenity score 6, ADR $513.25] (3 rows)
  Lakedale Resort: midscale → upscale [amenity score 4, ADR $774] (3 rows)
  Lothlorien Woods Adobes of Middle Earth: midscale → upscale [amenity score 4, ADR $364.17] (2 rows)
  Zion Ponderosa Ranch Resort: upscale → luxury [amenity score 6, ADR $799] (8 rows)
  Westgate River Ranch Resort & Rodeo: luxury → luxury [ADR $864 ≥ $800 (luxury fast-path)] (23 rows)
  At Boulders Edge: midscale → upscale [amenity score 4, ADR $314] (4 rows)
  The Retreat on the Hill: midscale → upscale [amenity score 4, ADR $255] (3 rows)
  Zion White Bison Resort: midscale → upscale [amenity score 4, ADR $424] (3 rows)
  Ashevile River Cabins: midscale → upscale [amenity score 4, ADR $368.5] (3 rows)
  Moonbeam Bungalows: (null) → midscale [amenity score 4, ADR $140.17] (2 rows)
  Piaule Catskill: upscale → luxury [amenity score 7, ADR $544.33] (1 rows)
  Fireside Resort - Jackson Hole: midscale → upscale [amenity score 4, ADR $343.75] (1 rows)
  Aspen Grove Inn: midscale → upscale [amenity score 4, ADR $259.17] (4 rows)
  Safari for the Soul Luxury Glamping: midscale → upscale [amenity score 4, ADR $250] (2 rows)
  Glamp Blue Ridge: midscale → upscale [amenity score 4, ADR $492.5] (1 rows)
  The Glamping Collective: luxury → luxury [ADR $1418.5 ≥ $800 (luxury fast-path)] (8 rows)
  GLAMP Smoky Mountains: midscale → upscale [amenity score 4, ADR $390] (1 rows)
  Tennessee Glamping: midscale → upscale [amenity score 4, ADR $435.17] (1 rows)
  WV Glamping Domes: midscale → upscale [amenity score 4, ADR $310.5] (1 rows)
  Avalanche Ranch: midscale → upscale [amenity score 5, ADR $255] (2 rows)
  Verde Ranch Resort: (null) → midscale [amenity score -1, ADR $197.67] (1 rows)
  Carson Ridge Luxury Cabins: midscale → upscale [amenity score 4, ADR $507] (1 rows)
  Glamping Tent: midscale → upscale [amenity score 4, ADR $300] (1 rows)
  Udoscape Eco-Glamping Resort: midscale → upscale [amenity score 4, ADR $450.5] (1 rows)
  Sundance by Basecamp: midscale → midscale [amenity score -2, ADR $230] (7 rows)
  Huttopia Sutton: midscale → midscale [amenity score -2, ADR $177.5] (6 rows)
  Shawnee Inn & Golf Resort: (null) → midscale [amenity score -2, ADR $215] (1 rows)
  Headwaters Jupiter: (null) → midscale [amenity score -2, ADR $250] (1 rows)
  Huttopia Les Deux Lacs – Laurentides: midscale → midscale [amenity score -2, ADR $147.5] (4 rows)
  Yurt in Putney: (null) → midscale [amenity score -2, ADR $155] (1 rows)
  Outpost X: midscale → upscale [amenity score 4, ADR $250] (1 rows)
  Zen Zion Glamping Domes: midscale → upscale [amenity score 4, ADR $251.25] (1 rows)
  Somerset Resort: rustic → midscale [amenity score -2, ADR $127.38] (1 rows)
  Charmed Resorts — Crowsnest Pass: rustic → midscale [amenity score -2, ADR $265] (7 rows)
  The Lodge and Spa at Brush Creek Ranch: rustic → luxury [ADR $1484 ≥ $800 (luxury fast-path)] (1 rows)
  Eastwind Oliverea Valley: rustic → midscale [amenity score -2, ADR $316] (1 rows)
  Haven Hills Campground & Resort: rustic → midscale [amenity score 0, ADR $165.25] (1 rows)
  The Destination: rustic → midscale [amenity score -2, ADR $318] (1 rows)
  UDOSCAPE: rustic → midscale [amenity score 0, ADR $265] (1 rows)
  Haven Yurts: luxury → midscale [amenity score 3, ADR $95] (4 rows)
  Palo 32°: rustic → midscale [amenity score -2, ADR $424] (1 rows)
  Rimrock Ranch: rustic → luxury [ADR $1590 ≥ $800 (luxury fast-path)] (1 rows)
  Mossquatch Resort: rustic → midscale [amenity score -2, ADR $376.25] (15 rows)
  Menizei: rustic → midscale [amenity score -2, ADR $795] (1 rows)
  Container Cabins in the Catskills: rustic → midscale [amenity score 0, ADR $566] (1 rows)
  Bliss Camps Glamping (Rocky Mountain Glamping): rustic → midscale [amenity score -2, ADR $212] (8 rows)
  Douglas Lake Ranch: rustic → luxury [ADR $2120 ≥ $800 (luxury fast-path)] (19 rows)
  Oso Blu Yurts: rustic → midscale [amenity score -2, ADR $419.75] (1 rows)
  Yurts of the World: rustic → midscale [amenity score -2, ADR $269.25] (1 rows)
  Hardscrabble Ranch: rustic → midscale [amenity score -2, ADR $265] (1 rows)
  Oceans Edge Eagle Retreat: rustic → midscale [amenity score -2, ADR $456.63] (1 rows)
  REO Rafting, Glamping & Yoga Resort: rustic → midscale [amenity score -2, ADR $339.38] (1 rows)
  Cathedral Lakes Lodge: rustic → midscale [amenity score -2, ADR $339.38] (1 rows)
  Loloma Lodge: rustic → midscale [amenity score -2, ADR $238.63] (1 rows)
  East Canyon State Park (Yurts): rustic → midscale [amenity score -2, ADR $159] (1 rows)
  Gateway Canyons Resort & Spa: (null) → luxury [ADR $982.5 ≥ $800 (luxury fast-path)] (1 rows)
  Lost Creek Ranch & Spa: rustic → midscale [amenity score 0, ADR $689] (1 rows)
  Cross Ranch State Park (Yurts): rustic → midscale [amenity score -2, ADR $143] (1 rows)
  Roman Nose State Park Lodge: rustic → midscale [amenity score -2, ADR $212] (1 rows)
  The Lodge at Sequoyah State Park: rustic → midscale [amenity score -2, ADR $265] (1 rows)
  Lake Fausse Pointe State Park: rustic → midscale [amenity score -2, ADR $185.5] (1 rows)
  Fontainebleau State Park: rustic → midscale [amenity score -2, ADR $185.5] (1 rows)
  Tickfaw State Park: rustic → midscale [amenity score -2, ADR $232.38] (1 rows)
  The Lodge at Gulf State Park: rustic → midscale [amenity score -2, ADR $271.25] (1 rows)
  Table Rock State Park: rustic → midscale [amenity score -2, ADR $132.63] (1 rows)
  Raven Rock State Park: rustic → midscale [amenity score -2, ADR $159] (1 rows)
  Itasca State Park: rustic → midscale [amenity score -2, ADR $186.5] (1 rows)
  Salt Fork State Park Lodge: rustic → midscale [amenity score -2, ADR $232.38] (1 rows)
  Geneva State Park Lodge: rustic → midscale [amenity score -2, ADR $330.75] (1 rows)
  Hocking Hills State Park Lodge: rustic → midscale [amenity score -2, ADR $264] (1 rows)
  Percy Quin State Park: rustic → midscale [amenity score -2, ADR $159] (1 rows)
  Hugh White State Park: rustic → midscale [amenity score -2, ADR $187.5] (1 rows)
  White Pines Forest State Park: rustic → midscale [amenity score -2, ADR $148.5] (1 rows)
  Three Island Crossing State Park: rustic → luxury [ADR $1951.5 ≥ $800 (luxury fast-path)] (1 rows)
  Turkey Run State Park Inn: rustic → midscale [amenity score -2, ADR $169.5] (1 rows)
  Clifty Falls State Park Inn: rustic → midscale [amenity score -2, ADR $183.5] (1 rows)
  Fall Creek Falls State Park: rustic → midscale [amenity score -2, ADR $689] (1 rows)
  Montgomery Bell State Park: rustic → midscale [amenity score -2, ADR $190.63] (1 rows)
  Pickwick Landing State Park: rustic → midscale [amenity score -2, ADR $212] (1 rows)
  Big Ridge State Park: rustic → midscale [amenity score -2, ADR $235.38] (1 rows)
  Minnewaska State Park Preserve: rustic → midscale [amenity score -2, ADR $161] (1 rows)
  Franconia Notch State Park: rustic → midscale [amenity score -2, ADR $318] (1 rows)
  Crawford Notch State Park: rustic → midscale [amenity score -2, ADR $153.75] (1 rows)
  Wildhaven Lake Berryessa: rustic → rustic [default rustic (amenity score -2)] (2 rows)
  Pilot Mountain Glamping Resort: rustic → midscale [amenity score -2, ADR $275] (1 rows)
  RESET Hotel Joshua Tree: rustic → midscale [amenity score -2, ADR $273.5] (1 rows)
  Terranova Nirvana: midscale → upscale [amenity score 4, ADR $636] (3 rows)
  Starlight Haven at Hot Springs: rustic → midscale [amenity score 0, ADR $256.5] (1 rows)
  Mount Snow Yurt: (null) → midscale [amenity score 0, ADR $424] (1 rows)
  Lilla Rustica Treehouse: (null) → midscale [amenity score -2, ADR $363.5] (1 rows)
  Camp Ferncrest - Ocoee: rustic → midscale [amenity score -2, ADR $300] (1 rows)
  Camp Ferncrest - Bryson City: rustic → midscale [amenity score -2, ADR $300] (1 rows)
  Treebox: midscale → luxury [ADR $1796.75 ≥ $800 (luxury fast-path)] (9 rows)
  The Eagle's Nest: (null) → rustic [ADR $26.5 < $125 with shared bath (score -2)] (1 rows)
  Highwood Retreat: (null) → midscale [amenity score 2, ADR $195] (3 rows)
  Stone City Treehouse: (null) → midscale [amenity score 0, ADR $311.75] (1 rows)
  Suján Sher Bagh: (null) → luxury [ADR $1394 ≥ $800 (luxury fast-path)] (4 rows)
  Suján The Serai: (null) → luxury [ADR $2313 ≥ $800 (luxury fast-path)] (3 rows)
  Dunya Camp: (null) → rustic [default rustic (amenity score 0)] (1 rows)
  Wildcoast Adventures: (null) → midscale [amenity score -2, ADR $152.75] (1 rows)
  The Flow Wilderness Retreat: (null) → midscale [amenity score -2, ADR $318] (1 rows)
  Spirit of the West Adventures: (null) → midscale [amenity score -2, ADR $556.63] (1 rows)
  Sierra Mountain Lodge: (null) → midscale [amenity score -2, ADR $186.5] (1 rows)
  Luxe RV: (null) → midscale [amenity score -2, ADR $397.5] (1 rows)
  Sorensen's Resort: (null) → midscale [amenity score -2, ADR $132.63] (1 rows)
  Pine Mountain Camp: (null) → luxury [ADR $1908 ≥ $800 (luxury fast-path)] (1 rows)
  Murphys Glamping: (null) → midscale [amenity score -2, ADR $159] (1 rows)
  Marble Mountain Ranch: (null) → midscale [amenity score -2, ADR $175] (1 rows)
  Chill RV: (null) → rustic [ADR $39.13 < $125 with shared bath (score -2)] (1 rows)
  Beach Canyon Authentic Tipi: (null) → rustic [ADR $37 < $125 with shared bath (score -2)] (1 rows)
  Safari Sunset Eco Ranch: (null) → midscale [amenity score -2, ADR $185.5] (1 rows)
  Galt Valley Artsy Tucked Away Retreat: (null) → midscale [amenity score -2, ADR $212] (1 rows)
  Colorado Rafting Tours Royal Gorge Adventure Beach: (null) → rustic [ADR $53 < $125 with shared bath (score -2)] (1 rows)
  Vista Verde Guest Ranch: (null) → midscale [amenity score -2, ADR $408] (1 rows)
  Blue Ocean Yacht Charters: (null) → rustic [ADR $26.5 < $125 with shared bath (score -2)] (1 rows)
  Aluminum Cabana: (null) → midscale [amenity score -2, ADR $189.63] (1 rows)
  Heaven's Gate Mountain Getaway: (null) → midscale [amenity score -2, ADR $228] (1 rows)
  The Lodge on Little St. Simons Island: (null) → midscale [amenity score -2, ADR $487.5] (1 rows)
  Maui Eco Retreat: (null) → midscale [amenity score -2, ADR $401.63] (1 rows)
  Treehouse Ketchum: (null) → midscale [amenity score -2, ADR $239.5] (1 rows)
  Elysium Woods: (null) → rustic [ADR $122 < $125 with shared bath (score -2)] (1 rows)
  Spencer Pond Camps: (null) → midscale [amenity score -2, ADR $185.5] (1 rows)
  Eagle Lake Sporting Camps: (null) → midscale [amenity score -2, ADR $225.88] (1 rows)
  Seguin: (null) → midscale [amenity score -2, ADR $158] (1 rows)
  Triple Creek Ranch: (null) → luxury [ADR $2597 ≥ $800 (luxury fast-path)] (1 rows)
  Campamonte: (null) → midscale [amenity score -2, ADR $323.25] (1 rows)
  Rancho Gallina: (null) → midscale [amenity score -2, ADR $169.5] (1 rows)
  The Glass House: (null) → midscale [amenity score -2, ADR $212] (1 rows)
  Mountain Horse Farm B&B and Wellness Retreat: (null) → midscale [amenity score -2, ADR $169.5] (1 rows)
  Americana Island Cabin at Riverside Escapes: (null) → midscale [amenity score -2, ADR $159] (1 rows)
  Nantahala Cabins Inc: (null) → midscale [amenity score -2, ADR $127.38] (1 rows)
  East Coast Glamping: (null) → midscale [amenity score -2, ADR $190.63] (1 rows)
  Selina Puerto Escondido: (null) → rustic [ADR $53 < $125 with shared bath (score -2)] (1 rows)
  Finca Las Nieves: (null) → midscale [amenity score -2, ADR $265] (1 rows)
  Wren Eagle Retreat: (null) → midscale [amenity score -2, ADR $151.5] (1 rows)
  Outpost Co.: (null) → midscale [amenity score -2, ADR $742] (1 rows)
  Oceanside Beachfront RV Resort: (null) → midscale [amenity score -2, ADR $126.38] (1 rows)
  Shelter Cove Resort & Marina: (null) → midscale [amenity score -2, ADR $132.63] (1 rows)
  Hintercabin: (null) → midscale [amenity score -2, ADR $530] (1 rows)
  Cane Bay Campground: (null) → midscale [amenity score -2, ADR $146.25] (1 rows)
  Lone Star Court: (null) → rustic [ADR $113.5 < $125 with shared bath (score -2)] (1 rows)
  The Hideaway Ranch: (null) → midscale [amenity score -2, ADR $271.25] (1 rows)
  Camp Lucy Cottages: (null) → midscale [amenity score -2, ADR $540.5] (1 rows)
  Country Woods Inn: (null) → midscale [amenity score -2, ADR $132.63] (1 rows)
  Pico Rodavento: (null) → midscale [amenity score -2, ADR $159] (1 rows)
  Sterling Ridge Resort: (null) → midscale [amenity score -2, ADR $237.5] (1 rows)
  #1 Rock Tavern River Kamp: (null) → rustic [ADR $47.75 < $125 with shared bath (score -2)] (1 rows)
  Langley Lodging: (null) → rustic [ADR $37 < $125 with shared bath (score -2)] (1 rows)
  Silver Cove RV Resort: (null) → rustic [ADR $94.25 < $125 with shared bath (score -2)] (1 rows)
  Apple Creek Whitetails: (null) → rustic [ADR $106 < $125 with shared bath (score -2)] (1 rows)
  Mulroy's Irish Acres Farm: (null) → rustic [ADR $83.63 < $125 with shared bath (score -2)] (1 rows)
  Eco Itaka Glamping: (null) → rustic [ADR $69 < $125 with shared bath (score -2)] (1 rows)
  Joy Tulum: (null) → rustic [ADR $63.5 < $125 with shared bath (score -2)] (1 rows)
  Baja Camp: (null) → midscale [amenity score -2, ADR $583] (1 rows)
  Timberland LLC Glamping (La Push): (null) → rustic [default rustic (amenity score -2)] (1 rows)
  Treasure Bay Resort: (null) → rustic [default rustic (amenity score -2)] (1 rows)
  Silver Lake Glamping Campground: (null) → rustic [default rustic (amenity score -2)] (1 rows)
  Contentment on Beaver Lake: (null) → rustic [default rustic (amenity score 0)] (2 rows)
  Talaz: (null) → rustic [default rustic (amenity score -2)] (1 rows)
  My Rock Grama Glamping Resort: (null) → rustic [default rustic (amenity score -2)] (1 rows)
  The Outpost Grand Canyon: upscale → midscale [amenity score 6, ADR $213] (10 rows)
  Stargazing Resort: (null) → rustic [default rustic (amenity score -2)] (1 rows)
  The Preserve at Williams Bay: (null) → midscale [amenity score 2, ADR $500] (2 rows)
  Glamping Loft Lake Geneva: (null) → midscale [amenity score -2, ADR $737.5] (1 rows)
  Grand Geneva Resort Glamping: (null) → midscale [amenity score 2, ADR $505] (3 rows)
  Pepin Forest Treehouse: (null) → midscale [amenity score 1, ADR $609] (2 rows)
  Ventana Big Sur, an Alila Resort: (null) → rustic [default rustic (amenity score -2)] (1 rows)
  Evergreen Resort: (null) → rustic [default rustic (amenity score -2)] (1 rows)
  Long Valley Junction Glamping Resort: (null) → rustic [default rustic (amenity score -2)] (1 rows)
  Hidden Harmony: (null) → rustic [default rustic (amenity score -2)] (1 rows)
  Princeville Glamping Resort: (null) → rustic [default rustic (amenity score -2)] (1 rows)
  Terramor Outdoor Resort - Wilmington: (null) → rustic [default rustic (amenity score -2)] (1 rows)
  Flamingo Heights Glamping Resort: (null) → rustic [default rustic (amenity score -2)] (1 rows)
  Clear Sky Acadia: (null) → rustic [default rustic (amenity score -2)] (1 rows)
  Eco Dome Landers: (null) → rustic [default rustic (amenity score -2)] (1 rows)
  Riverbend Glamping Getaway: (null) → rustic [default rustic (amenity score -2)] (3 rows)
  Tentrr, Inc.: (null) → rustic [default rustic (amenity score -2)] (1 rows)
  Awosting Club: (null) → rustic [default rustic (amenity score -2)] (1 rows)
  Hinata Mountainside Resort: (null) → rustic [default rustic (amenity score -2)] (1 rows)
  Eastwind Lushna Nature Retreat: (null) → midscale [amenity score -2, ADR $256] (1 rows)
  George Eco Luxury Hotel Resort: (null) → rustic [default rustic (amenity score -2)] (1 rows)
  Sunset Glamping Retreat: (null) → rustic [default rustic (amenity score -2)] (1 rows)
  Lamoine Glamping Domes: (null) → rustic [default rustic (amenity score -2)] (1 rows)
  Arbor Camp: (null) → rustic [default rustic (amenity score -2)] (2 rows)
  The Ridge Outdoor Resort: (null) → rustic [default rustic (amenity score -2)] (1 rows)
  Grass Valley RV Resort: (null) → rustic [default rustic (amenity score -2)] (1 rows)
  Afton Glamping Site: (null) → rustic [default rustic (amenity score -2)] (1 rows)
  Colorado Glamping Resort: (null) → rustic [default rustic (amenity score -2)] (1 rows)
  Julandy’s Isle Glamping Resort: (null) → rustic [default rustic (amenity score -2)] (1 rows)
  Backland Luxury Nature Resort: (null) → rustic [default rustic (amenity score -2)] (1 rows)
  New Geodesic Dome Resort: (null) → rustic [default rustic (amenity score -2)] (1 rows)
  Clark Farm Silos: (null) → rustic [default rustic (amenity score -2)] (1 rows)
  Copacabana Campground: (null) → rustic [default rustic (amenity score -2)] (1 rows)
  AutoCamp Napa: (null) → rustic [default rustic (amenity score -2)] (1 rows)
  Boyne Mountain Resort Glamping Cabins: (null) → rustic [default rustic (amenity score -2)] (1 rows)
  Terramor Outdoor Resort - Saugerties: (null) → rustic [default rustic (amenity score -2)] (1 rows)
  Fox Hollow Campground: (null) → rustic [default rustic (amenity score -2)] (1 rows)
  Dream Away Lodge Glamping Resort: (null) → rustic [default rustic (amenity score -2)] (2 rows)
  Oculis Lodge: (null) → rustic [default rustic (amenity score -2)] (1 rows)
  Teakettle Mountain Glamping Resort: (null) → rustic [default rustic (amenity score -2)] (1 rows)
  Wonder Inn Resort: (null) → rustic [default rustic (amenity score -2)] (1 rows)
  Nicholas Beaver Lake Glamping Resort: (null) → rustic [default rustic (amenity score -2)] (1 rows)
  Bayocean Park Resort: (null) → rustic [default rustic (amenity score -2)] (1 rows)
  Under Canvas Sedona: (null) → rustic [default rustic (amenity score -2)] (1 rows)
  Under Canvas Teton Valley: (null) → rustic [default rustic (amenity score -2)] (1 rows)
  Under Canvas Castle Valley: (null) → rustic [default rustic (amenity score -2)] (1 rows)
  AutoCamp Sedona: (null) → rustic [default rustic (amenity score -2)] (1 rows)
  AutoCamp Grand Canyon (Cooper Ranch): (null) → rustic [default rustic (amenity score -2)] (1 rows)
  Getaway House - Cub World: (null) → rustic [default rustic (amenity score -2)] (1 rows)
  Collective Retreats Governors Island: (null) → midscale [amenity score -2, ADR $588.25] (3 rows)

--- Summary ---
Properties (groups): 1507
Skipped (manual override): 140
Unchanged: 1139
Would change / changed groups: 228

Tier distribution (auto-classified groups):
  luxury: 54
  upscale: 130
  midscale: 861
  rustic: 322
